[2025-06-23 13:48:39.250] [info] [spider.scheduler] Fetched 1000 tasks from storage in 48 ms
[2025-06-23 13:48:39.438] [info] [spider.scheduler] Heartbeat sent, took 237 milliseconds
[2025-06-23 13:48:39.874] [info] [spider.scheduler] Get task duration: 624 ms
[2025-06-23 13:48:40.536] [info] [spider.scheduler] Heartbeat sent, took 334 milliseconds
[2025-06-23 13:48:41.539] [info] [spider.scheduler] Heartbeat sent, took 336 milliseconds
[2025-06-23 13:48:42.535] [info] [spider.scheduler] Heartbeat sent, took 332 milliseconds
[2025-06-23 13:48:43.541] [info] [spider.scheduler] Heartbeat sent, took 338 milliseconds
[2025-06-23 13:48:44.444] [info] [spider.scheduler] Submit task duration: 569 ms
[2025-06-23 13:48:44.523] [info] [spider.scheduler] Heartbeat sent, took 319 milliseconds
[2025-06-23 13:48:45.075] [info] [spider.scheduler] Get task duration: 631 ms
[2025-06-23 13:48:45.530] [info] [spider.scheduler] Heartbeat sent, took 325 milliseconds
[2025-06-23 13:48:46.534] [info] [spider.scheduler] Heartbeat sent, took 328 milliseconds
[2025-06-23 13:48:47.542] [info] [spider.scheduler] Heartbeat sent, took 336 milliseconds
[2025-06-23 13:48:48.535] [info] [spider.scheduler] Heartbeat sent, took 328 milliseconds
[2025-06-23 13:48:49.531] [info] [spider.scheduler] Heartbeat sent, took 324 milliseconds
[2025-06-23 13:48:49.652] [info] [spider.scheduler] Submit task duration: 576 ms
[2025-06-23 13:48:50.265] [info] [spider.scheduler] Get task duration: 613 ms
[2025-06-23 13:48:50.531] [info] [spider.scheduler] Heartbeat sent, took 324 milliseconds
[2025-06-23 13:48:51.537] [info] [spider.scheduler] Heartbeat sent, took 329 milliseconds
[2025-06-23 13:48:52.539] [info] [spider.scheduler] Heartbeat sent, took 331 milliseconds
[2025-06-23 13:48:53.544] [info] [spider.scheduler] Heartbeat sent, took 335 milliseconds
[2025-06-23 13:48:54.543] [info] [spider.scheduler] Heartbeat sent, took 334 milliseconds
[2025-06-23 13:48:54.849] [info] [spider.scheduler] Submit task duration: 583 ms
[2025-06-23 13:48:55.468] [info] [spider.scheduler] Get task duration: 618 ms
[2025-06-23 13:48:55.534] [info] [spider.scheduler] Heartbeat sent, took 324 milliseconds
[2025-06-23 13:48:56.546] [info] [spider.scheduler] Heartbeat sent, took 335 milliseconds
[2025-06-23 13:48:57.546] [info] [spider.scheduler] Heartbeat sent, took 334 milliseconds
[2025-06-23 13:48:58.541] [info] [spider.scheduler] Heartbeat sent, took 329 milliseconds
[2025-06-23 13:48:59.541] [info] [spider.scheduler] Heartbeat sent, took 329 milliseconds
[2025-06-23 13:49:00.045] [info] [spider.scheduler] Submit task duration: 577 ms
[2025-06-23 13:49:00.532] [info] [spider.scheduler] Heartbeat sent, took 320 milliseconds
[2025-06-23 13:49:00.656] [info] [spider.scheduler] Get task duration: 611 ms
[2025-06-23 13:49:01.544] [info] [spider.scheduler] Heartbeat sent, took 331 milliseconds
[2025-06-23 13:49:02.546] [info] [spider.scheduler] Heartbeat sent, took 333 milliseconds
[2025-06-23 13:49:03.543] [info] [spider.scheduler] Heartbeat sent, took 329 milliseconds
[2025-06-23 13:49:04.542] [info] [spider.scheduler] Heartbeat sent, took 327 milliseconds
[2025-06-23 13:49:05.235] [info] [spider.scheduler] Submit task duration: 578 ms
[2025-06-23 13:49:05.535] [info] [spider.scheduler] Heartbeat sent, took 320 milliseconds
[2025-06-23 13:49:05.856] [info] [spider.scheduler] Get task duration: 620 ms
[2025-06-23 13:49:06.536] [info] [spider.scheduler] Heartbeat sent, took 321 milliseconds
[2025-06-23 13:49:07.554] [info] [spider.scheduler] Heartbeat sent, took 338 milliseconds
[2025-06-23 13:49:08.548] [info] [spider.scheduler] Heartbeat sent, took 332 milliseconds
[2025-06-23 13:49:09.552] [info] [spider.scheduler] Heartbeat sent, took 336 milliseconds
[2025-06-23 13:49:10.434] [info] [spider.scheduler] Submit task duration: 578 ms
[2025-06-23 13:49:10.542] [info] [spider.scheduler] Heartbeat sent, took 325 milliseconds
[2025-06-23 13:49:11.053] [info] [spider.scheduler] Get task duration: 619 ms
[2025-06-23 13:49:11.547] [info] [spider.scheduler] Heartbeat sent, took 330 milliseconds
[2025-06-23 13:49:12.547] [info] [spider.scheduler] Heartbeat sent, took 330 milliseconds
[2025-06-23 13:49:13.548] [info] [spider.scheduler] Heartbeat sent, took 330 milliseconds
[2025-06-23 13:49:14.545] [info] [spider.scheduler] Heartbeat sent, took 327 milliseconds
[2025-06-23 13:49:15.548] [info] [spider.scheduler] Heartbeat sent, took 329 milliseconds
[2025-06-23 13:49:15.617] [info] [spider.scheduler] Submit task duration: 563 ms
[2025-06-23 13:49:16.246] [info] [spider.scheduler] Get task duration: 629 ms
[2025-06-23 13:49:16.544] [info] [spider.scheduler] Heartbeat sent, took 324 milliseconds
[2025-06-23 13:49:17.552] [info] [spider.scheduler] Heartbeat sent, took 331 milliseconds
[2025-06-23 13:49:18.550] [info] [spider.scheduler] Heartbeat sent, took 329 milliseconds
[2025-06-23 13:49:19.551] [info] [spider.scheduler] Heartbeat sent, took 330 milliseconds
[2025-06-23 13:49:20.545] [info] [spider.scheduler] Heartbeat sent, took 323 milliseconds
[2025-06-23 13:49:20.804] [info] [spider.scheduler] Submit task duration: 557 ms
[2025-06-23 13:49:21.417] [info] [spider.scheduler] Get task duration: 613 ms
[2025-06-23 13:49:21.540] [info] [spider.scheduler] Heartbeat sent, took 318 milliseconds
[2025-06-23 13:49:22.560] [info] [spider.scheduler] Heartbeat sent, took 337 milliseconds
[2025-06-23 13:49:23.551] [info] [spider.scheduler] Heartbeat sent, took 327 milliseconds
[2025-06-23 13:49:24.553] [info] [spider.scheduler] Heartbeat sent, took 328 milliseconds
[2025-06-23 13:49:25.553] [info] [spider.scheduler] Heartbeat sent, took 328 milliseconds
[2025-06-23 13:49:25.988] [info] [spider.scheduler] Submit task duration: 570 ms
[2025-06-23 13:49:26.544] [info] [spider.scheduler] Heartbeat sent, took 318 milliseconds
[2025-06-23 13:49:26.600] [info] [spider.scheduler] Get task duration: 611 ms
[2025-06-23 13:49:27.555] [info] [spider.scheduler] Heartbeat sent, took 328 milliseconds
[2025-06-23 13:49:28.558] [info] [spider.scheduler] Heartbeat sent, took 330 milliseconds
[2025-06-23 13:49:29.567] [info] [spider.scheduler] Heartbeat sent, took 339 milliseconds
[2025-06-23 13:49:30.577] [info] [spider.scheduler] Heartbeat sent, took 348 milliseconds
[2025-06-23 13:49:31.190] [info] [spider.scheduler] Submit task duration: 590 ms
[2025-06-23 13:49:31.190] [info] [spider.scheduler] Execution takes 51989 ms
[2025-06-23 13:49:31.192] [info] [spider.scheduler] Fetched 0 tasks from storage in 1 ms
