[2025-06-23 10:45:42.906] [info] [spider.scheduler] Fetched 2000 tasks from storage in 84 ms
[2025-06-23 10:45:43.368] [info] [spider.scheduler] Heartbeat sent, took 546 milliseconds
[2025-06-23 10:45:43.516] [info] [spider.scheduler] Get task duration: 608 ms
[2025-06-23 10:45:43.530] [info] [spider.scheduler] Get task duration: 623 ms
[2025-06-23 10:45:44.377] [info] [spider.scheduler] Heartbeat sent, took 553 milliseconds
[2025-06-23 10:45:45.441] [info] [spider.scheduler] Heartbeat sent, took 617 milliseconds
[2025-06-23 10:45:46.443] [info] [spider.scheduler] Heartbeat sent, took 618 milliseconds
[2025-06-23 10:45:47.382] [info] [spider.scheduler] Heartbeat sent, took 556 milliseconds
[2025-06-23 10:45:48.052] [info] [spider.scheduler] Submit task duration: 536 ms
[2025-06-23 10:45:48.055] [info] [spider.scheduler] Submit task duration: 524 ms
[2025-06-23 10:45:48.343] [info] [spider.scheduler] Heartbeat sent, took 517 milliseconds
[2025-06-23 10:45:48.590] [info] [spider.scheduler] Get task duration: 538 ms
[2025-06-23 10:45:48.602] [info] [spider.scheduler] Get task duration: 547 ms
[2025-06-23 10:45:49.410] [info] [spider.scheduler] Heartbeat sent, took 583 milliseconds
[2025-06-23 10:45:50.414] [info] [spider.scheduler] Heartbeat sent, took 586 milliseconds
[2025-06-23 10:45:51.382] [info] [spider.scheduler] Heartbeat sent, took 553 milliseconds
[2025-06-23 10:45:52.404] [info] [spider.scheduler] Heartbeat sent, took 575 milliseconds
[2025-06-23 10:45:53.231] [info] [spider.scheduler] Submit task duration: 629 ms
[2025-06-23 10:45:53.253] [info] [spider.scheduler] Submit task duration: 662 ms
[2025-06-23 10:45:53.426] [info] [spider.scheduler] Heartbeat sent, took 596 milliseconds
[2025-06-23 10:45:53.773] [info] [spider.scheduler] Get task duration: 541 ms
[2025-06-23 10:45:53.792] [info] [spider.scheduler] Get task duration: 538 ms
[2025-06-23 10:45:54.334] [info] [spider.scheduler] Heartbeat sent, took 503 milliseconds
[2025-06-23 10:45:55.389] [info] [spider.scheduler] Heartbeat sent, took 558 milliseconds
[2025-06-23 10:45:56.372] [info] [spider.scheduler] Heartbeat sent, took 541 milliseconds
[2025-06-23 10:45:57.376] [info] [spider.scheduler] Heartbeat sent, took 544 milliseconds
[2025-06-23 10:45:58.410] [info] [spider.scheduler] Submit task duration: 637 ms
[2025-06-23 10:45:58.416] [info] [spider.scheduler] Submit task duration: 623 ms
[2025-06-23 10:45:58.505] [info] [spider.scheduler] Heartbeat sent, took 672 milliseconds
[2025-06-23 10:45:58.981] [info] [spider.scheduler] Get task duration: 570 ms
[2025-06-23 10:45:59.007] [info] [spider.scheduler] Get task duration: 591 ms
[2025-06-23 10:45:59.374] [info] [spider.scheduler] Heartbeat sent, took 541 milliseconds
[2025-06-23 10:46:00.392] [info] [spider.scheduler] Heartbeat sent, took 558 milliseconds
[2025-06-23 10:46:01.403] [info] [spider.scheduler] Heartbeat sent, took 569 milliseconds
[2025-06-23 10:46:02.395] [info] [spider.scheduler] Heartbeat sent, took 560 milliseconds
[2025-06-23 10:46:03.389] [info] [spider.scheduler] Heartbeat sent, took 554 milliseconds
[2025-06-23 10:46:03.491] [info] [spider.scheduler] Submit task duration: 509 ms
[2025-06-23 10:46:03.510] [info] [spider.scheduler] Submit task duration: 502 ms
[2025-06-23 10:46:04.165] [info] [spider.scheduler] Get task duration: 673 ms
[2025-06-23 10:46:04.176] [info] [spider.scheduler] Get task duration: 665 ms
[2025-06-23 10:46:04.409] [info] [spider.scheduler] Heartbeat sent, took 573 milliseconds
[2025-06-23 10:46:05.430] [info] [spider.scheduler] Heartbeat sent, took 594 milliseconds
[2025-06-23 10:46:06.462] [info] [spider.scheduler] Heartbeat sent, took 625 milliseconds
[2025-06-23 10:46:07.403] [info] [spider.scheduler] Heartbeat sent, took 565 milliseconds
[2025-06-23 10:46:08.387] [info] [spider.scheduler] Heartbeat sent, took 549 milliseconds
[2025-06-23 10:46:08.637] [info] [spider.scheduler] Submit task duration: 461 ms
[2025-06-23 10:46:08.666] [info] [spider.scheduler] Submit task duration: 501 ms
[2025-06-23 10:46:09.164] [info] [spider.scheduler] Get task duration: 526 ms
[2025-06-23 10:46:09.195] [info] [spider.scheduler] Get task duration: 529 ms
[2025-06-23 10:46:09.368] [info] [spider.scheduler] Heartbeat sent, took 529 milliseconds
[2025-06-23 10:46:10.457] [info] [spider.scheduler] Heartbeat sent, took 618 milliseconds
[2025-06-23 10:46:11.411] [info] [spider.scheduler] Heartbeat sent, took 571 milliseconds
[2025-06-23 10:46:12.386] [info] [spider.scheduler] Heartbeat sent, took 545 milliseconds
[2025-06-23 10:46:13.520] [info] [spider.scheduler] Heartbeat sent, took 679 milliseconds
[2025-06-23 10:46:13.741] [info] [spider.scheduler] Submit task duration: 576 ms
[2025-06-23 10:46:13.762] [info] [spider.scheduler] Submit task duration: 565 ms
[2025-06-23 10:46:14.284] [info] [spider.scheduler] Get task duration: 542 ms
[2025-06-23 10:46:14.304] [info] [spider.scheduler] Get task duration: 542 ms
[2025-06-23 10:46:14.338] [info] [spider.scheduler] Heartbeat sent, took 496 milliseconds
[2025-06-23 10:46:15.386] [info] [spider.scheduler] Heartbeat sent, took 543 milliseconds
[2025-06-23 10:46:16.387] [info] [spider.scheduler] Heartbeat sent, took 544 milliseconds
[2025-06-23 10:46:17.462] [info] [spider.scheduler] Heartbeat sent, took 618 milliseconds
[2025-06-23 10:46:18.443] [info] [spider.scheduler] Heartbeat sent, took 598 milliseconds
[2025-06-23 10:46:18.891] [info] [spider.scheduler] Submit task duration: 587 ms
[2025-06-23 10:46:18.899] [info] [spider.scheduler] Submit task duration: 615 ms
[2025-06-23 10:46:19.405] [info] [spider.scheduler] Heartbeat sent, took 560 milliseconds
[2025-06-23 10:46:19.455] [info] [spider.scheduler] Get task duration: 550 ms
[2025-06-23 10:46:19.465] [info] [spider.scheduler] Get task duration: 574 ms
[2025-06-23 10:46:20.390] [info] [spider.scheduler] Heartbeat sent, took 544 milliseconds
[2025-06-23 10:46:21.391] [info] [spider.scheduler] Heartbeat sent, took 545 milliseconds
[2025-06-23 10:46:22.412] [info] [spider.scheduler] Heartbeat sent, took 566 milliseconds
[2025-06-23 10:46:23.410] [info] [spider.scheduler] Heartbeat sent, took 563 milliseconds
[2025-06-23 10:46:24.051] [info] [spider.scheduler] Submit task duration: 596 ms
[2025-06-23 10:46:24.081] [info] [spider.scheduler] Submit task duration: 615 ms
[2025-06-23 10:46:24.553] [info] [spider.scheduler] Heartbeat sent, took 705 milliseconds
[2025-06-23 10:46:24.714] [info] [spider.scheduler] Get task duration: 662 ms
[2025-06-23 10:46:24.726] [info] [spider.scheduler] Get task duration: 644 ms
[2025-06-23 10:46:25.392] [info] [spider.scheduler] Heartbeat sent, took 544 milliseconds
[2025-06-23 10:46:26.468] [info] [spider.scheduler] Heartbeat sent, took 619 milliseconds
[2025-06-23 10:46:27.404] [info] [spider.scheduler] Heartbeat sent, took 555 milliseconds
[2025-06-23 10:46:28.413] [info] [spider.scheduler] Heartbeat sent, took 563 milliseconds
[2025-06-23 10:46:29.184] [info] [spider.scheduler] Submit task duration: 469 ms
[2025-06-23 10:46:29.197] [info] [spider.scheduler] Submit task duration: 470 ms
[2025-06-23 10:46:29.331] [info] [spider.scheduler] Heartbeat sent, took 481 milliseconds
[2025-06-23 10:46:29.718] [info] [spider.scheduler] Get task duration: 533 ms
[2025-06-23 10:46:29.732] [info] [spider.scheduler] Get task duration: 534 ms
[2025-06-23 10:46:30.402] [info] [spider.scheduler] Heartbeat sent, took 551 milliseconds
[2025-06-23 10:46:31.486] [info] [spider.scheduler] Heartbeat sent, took 635 milliseconds
[2025-06-23 10:46:32.420] [info] [spider.scheduler] Heartbeat sent, took 568 milliseconds
[2025-06-23 10:46:33.414] [info] [spider.scheduler] Heartbeat sent, took 562 milliseconds
[2025-06-23 10:46:34.581] [info] [spider.scheduler] Submit task duration: 863 ms
[2025-06-23 10:46:34.583] [info] [spider.scheduler] Fetched 0 tasks from storage in 1 ms
[2025-06-23 10:46:34.589] [info] [spider.scheduler] Fetched 0 tasks from storage in 1 ms
[2025-06-23 10:46:34.590] [info] [spider.scheduler] Submit task duration: 857 ms
[2025-06-23 10:46:34.590] [info] [spider.scheduler] Execution takes 51768 ms
[2025-06-23 10:46:34.591] [info] [spider.scheduler] Fetched 0 tasks from storage in 1 ms
[2025-06-23 10:46:35.013] [info] [spider.scheduler] Heartbeat sent, took 1160 milliseconds
