[2025-06-23 13:52:06.762] [info] [spider.scheduler] Fetched 4000 tasks from storage in 143 ms
[2025-06-23 13:52:07.292] [info] [spider.scheduler] Get task duration: 528 ms
[2025-06-23 13:52:07.296] [info] [spider.scheduler] Get task duration: 533 ms
[2025-06-23 13:52:07.299] [info] [spider.scheduler] Get task duration: 536 ms
[2025-06-23 13:52:07.304] [info] [spider.scheduler] Get task duration: 541 ms
[2025-06-23 13:52:07.828] [info] [spider.scheduler] Heartbeat sent, took 1209 milliseconds
[2025-06-23 13:52:09.109] [info] [spider.scheduler] Heartbeat sent, took 1281 milliseconds
[2025-06-23 13:52:10.390] [info] [spider.scheduler] Heartbeat sent, took 1280 milliseconds
[2025-06-23 13:52:11.658] [info] [spider.scheduler] Heartbeat sent, took 1267 milliseconds
[2025-06-23 13:52:11.794] [info] [spider.scheduler] Submit task duration: 501 ms
[2025-06-23 13:52:11.798] [info] [spider.scheduler] Submit task duration: 494 ms
[2025-06-23 13:52:11.811] [info] [spider.scheduler] Submit task duration: 512 ms
[2025-06-23 13:52:11.813] [info] [spider.scheduler] Submit task duration: 516 ms
[2025-06-23 13:52:12.324] [info] [spider.scheduler] Get task duration: 530 ms
[2025-06-23 13:52:12.333] [info] [spider.scheduler] Get task duration: 520 ms
[2025-06-23 13:52:12.334] [info] [spider.scheduler] Get task duration: 535 ms
[2025-06-23 13:52:12.343] [info] [spider.scheduler] Get task duration: 531 ms
[2025-06-23 13:52:12.844] [info] [spider.scheduler] Heartbeat sent, took 1186 milliseconds
[2025-06-23 13:52:14.129] [info] [spider.scheduler] Heartbeat sent, took 1284 milliseconds
[2025-06-23 13:52:15.422] [info] [spider.scheduler] Heartbeat sent, took 1293 milliseconds
[2025-06-23 13:52:16.718] [info] [spider.scheduler] Heartbeat sent, took 1296 milliseconds
[2025-06-23 13:52:16.853] [info] [spider.scheduler] Submit task duration: 529 ms
[2025-06-23 13:52:16.854] [info] [spider.scheduler] Submit task duration: 519 ms
[2025-06-23 13:52:16.859] [info] [spider.scheduler] Submit task duration: 525 ms
[2025-06-23 13:52:16.881] [info] [spider.scheduler] Submit task duration: 537 ms
[2025-06-23 13:52:17.389] [info] [spider.scheduler] Get task duration: 535 ms
[2025-06-23 13:52:17.410] [info] [spider.scheduler] Get task duration: 556 ms
[2025-06-23 13:52:17.415] [info] [spider.scheduler] Get task duration: 533 ms
[2025-06-23 13:52:17.416] [info] [spider.scheduler] Get task duration: 557 ms
[2025-06-23 13:52:17.943] [info] [spider.scheduler] Heartbeat sent, took 1224 milliseconds
[2025-06-23 13:52:19.253] [info] [spider.scheduler] Heartbeat sent, took 1310 milliseconds
[2025-06-23 13:52:20.616] [info] [spider.scheduler] Heartbeat sent, took 1362 milliseconds
[2025-06-23 13:52:21.940] [info] [spider.scheduler] Heartbeat sent, took 1324 milliseconds
[2025-06-23 13:52:21.951] [info] [spider.scheduler] Submit task duration: 562 ms
[2025-06-23 13:52:22.033] [info] [spider.scheduler] Submit task duration: 618 ms
[2025-06-23 13:52:22.036] [info] [spider.scheduler] Submit task duration: 625 ms
[2025-06-23 13:52:22.037] [info] [spider.scheduler] Submit task duration: 620 ms
[2025-06-23 13:52:22.668] [info] [spider.scheduler] Get task duration: 716 ms
[2025-06-23 13:52:22.695] [info] [spider.scheduler] Get task duration: 657 ms
[2025-06-23 13:52:22.696] [info] [spider.scheduler] Get task duration: 659 ms
[2025-06-23 13:52:22.717] [info] [spider.scheduler] Get task duration: 683 ms
[2025-06-23 13:52:23.381] [info] [spider.scheduler] Heartbeat sent, took 1440 milliseconds
[2025-06-23 13:52:24.696] [info] [spider.scheduler] Heartbeat sent, took 1315 milliseconds
[2025-06-23 13:52:26.145] [info] [spider.scheduler] Heartbeat sent, took 1448 milliseconds
[2025-06-23 13:52:27.167] [info] [spider.scheduler] Submit task duration: 498 ms
[2025-06-23 13:52:27.196] [info] [spider.scheduler] Submit task duration: 499 ms
[2025-06-23 13:52:27.196] [info] [spider.scheduler] Submit task duration: 500 ms
[2025-06-23 13:52:27.229] [info] [spider.scheduler] Submit task duration: 511 ms
[2025-06-23 13:52:27.478] [info] [spider.scheduler] Heartbeat sent, took 1333 milliseconds
[2025-06-23 13:52:27.696] [info] [spider.scheduler] Get task duration: 529 ms
[2025-06-23 13:52:27.725] [info] [spider.scheduler] Get task duration: 528 ms
[2025-06-23 13:52:27.734] [info] [spider.scheduler] Get task duration: 537 ms
[2025-06-23 13:52:27.766] [info] [spider.scheduler] Get task duration: 536 ms
[2025-06-23 13:52:28.738] [info] [spider.scheduler] Heartbeat sent, took 1260 milliseconds
[2025-06-23 13:52:30.040] [info] [spider.scheduler] Heartbeat sent, took 1301 milliseconds
[2025-06-23 13:52:31.341] [info] [spider.scheduler] Heartbeat sent, took 1301 milliseconds
[2025-06-23 13:52:32.216] [info] [spider.scheduler] Submit task duration: 519 ms
[2025-06-23 13:52:32.243] [info] [spider.scheduler] Submit task duration: 518 ms
[2025-06-23 13:52:32.255] [info] [spider.scheduler] Submit task duration: 521 ms
[2025-06-23 13:52:32.286] [info] [spider.scheduler] Submit task duration: 520 ms
[2025-06-23 13:52:32.610] [info] [spider.scheduler] Heartbeat sent, took 1269 milliseconds
[2025-06-23 13:52:32.763] [info] [spider.scheduler] Get task duration: 546 ms
[2025-06-23 13:52:32.802] [info] [spider.scheduler] Get task duration: 558 ms
[2025-06-23 13:52:32.811] [info] [spider.scheduler] Get task duration: 556 ms
[2025-06-23 13:52:32.834] [info] [spider.scheduler] Get task duration: 547 ms
[2025-06-23 13:52:33.861] [info] [spider.scheduler] Heartbeat sent, took 1250 milliseconds
[2025-06-23 13:52:35.158] [info] [spider.scheduler] Heartbeat sent, took 1297 milliseconds
[2025-06-23 13:52:36.456] [info] [spider.scheduler] Heartbeat sent, took 1298 milliseconds
[2025-06-23 13:52:37.359] [info] [spider.scheduler] Submit task duration: 596 ms
[2025-06-23 13:52:37.415] [info] [spider.scheduler] Submit task duration: 603 ms
[2025-06-23 13:52:37.425] [info] [spider.scheduler] Submit task duration: 622 ms
[2025-06-23 13:52:37.444] [info] [spider.scheduler] Submit task duration: 609 ms
[2025-06-23 13:52:38.119] [info] [spider.scheduler] Get task duration: 760 ms
[2025-06-23 13:52:38.151] [info] [spider.scheduler] Heartbeat sent, took 1694 milliseconds
[2025-06-23 13:52:38.186] [info] [spider.scheduler] Get task duration: 770 ms
[2025-06-23 13:52:38.198] [info] [spider.scheduler] Get task duration: 773 ms
[2025-06-23 13:52:38.240] [info] [spider.scheduler] Get task duration: 796 ms
[2025-06-23 13:52:40.498] [info] [spider.scheduler] Heartbeat sent, took 2347 milliseconds
[2025-06-23 13:52:42.810] [info] [spider.scheduler] Heartbeat sent, took 2311 milliseconds
[2025-06-23 13:52:42.875] [info] [spider.scheduler] Submit task duration: 755 ms
[2025-06-23 13:52:42.942] [info] [spider.scheduler] Submit task duration: 743 ms
[2025-06-23 13:52:42.946] [info] [spider.scheduler] Submit task duration: 760 ms
[2025-06-23 13:52:42.997] [info] [spider.scheduler] Submit task duration: 756 ms
[2025-06-23 13:52:43.670] [info] [spider.scheduler] Get task duration: 793 ms
[2025-06-23 13:52:43.714] [info] [spider.scheduler] Get task duration: 771 ms
[2025-06-23 13:52:43.721] [info] [spider.scheduler] Get task duration: 774 ms
[2025-06-23 13:52:43.779] [info] [spider.scheduler] Get task duration: 782 ms
[2025-06-23 13:52:45.071] [info] [spider.scheduler] Heartbeat sent, took 2261 milliseconds
[2025-06-23 13:52:47.440] [info] [spider.scheduler] Heartbeat sent, took 2368 milliseconds
[2025-06-23 13:52:48.433] [info] [spider.scheduler] Submit task duration: 762 ms
[2025-06-23 13:52:48.480] [info] [spider.scheduler] Submit task duration: 758 ms
[2025-06-23 13:52:48.486] [info] [spider.scheduler] Submit task duration: 772 ms
[2025-06-23 13:52:48.530] [info] [spider.scheduler] Submit task duration: 750 ms
[2025-06-23 13:52:49.239] [info] [spider.scheduler] Get task duration: 806 ms
[2025-06-23 13:52:49.266] [info] [spider.scheduler] Get task duration: 785 ms
[2025-06-23 13:52:49.290] [info] [spider.scheduler] Get task duration: 804 ms
[2025-06-23 13:52:49.342] [info] [spider.scheduler] Get task duration: 812 ms
[2025-06-23 13:52:49.679] [info] [spider.scheduler] Heartbeat sent, took 2238 milliseconds
[2025-06-23 13:52:52.043] [info] [spider.scheduler] Heartbeat sent, took 2363 milliseconds
[2025-06-23 13:52:54.010] [info] [spider.scheduler] Submit task duration: 769 ms
[2025-06-23 13:52:54.025] [info] [spider.scheduler] Submit task duration: 758 ms
[2025-06-23 13:52:54.043] [info] [spider.scheduler] Submit task duration: 753 ms
[2025-06-23 13:52:54.088] [info] [spider.scheduler] Submit task duration: 745 ms
[2025-06-23 13:52:54.421] [info] [spider.scheduler] Heartbeat sent, took 2378 milliseconds
[2025-06-23 13:52:54.903] [info] [spider.scheduler] Get task duration: 893 ms
[2025-06-23 13:52:54.910] [info] [spider.scheduler] Get task duration: 885 ms
[2025-06-23 13:52:54.937] [info] [spider.scheduler] Get task duration: 893 ms
[2025-06-23 13:52:55.006] [info] [spider.scheduler] Get task duration: 918 ms
[2025-06-23 13:52:56.909] [info] [spider.scheduler] Heartbeat sent, took 2488 milliseconds
[2025-06-23 13:52:59.265] [info] [spider.scheduler] Heartbeat sent, took 2355 milliseconds
[2025-06-23 13:52:59.706] [info] [spider.scheduler] Submit task duration: 795 ms
[2025-06-23 13:52:59.708] [info] [spider.scheduler] Fetched 0 tasks from storage in 1 ms
[2025-06-23 13:52:59.714] [info] [spider.scheduler] Fetched 0 tasks from storage in 0 ms
[2025-06-23 13:52:59.720] [info] [spider.scheduler] Fetched 0 tasks from storage in 1 ms
[2025-06-23 13:52:59.726] [info] [spider.scheduler] Fetched 0 tasks from storage in 1 ms
[2025-06-23 13:52:59.728] [info] [spider.scheduler] Submit task duration: 824 ms
[2025-06-23 13:52:59.729] [info] [spider.scheduler] Fetched 0 tasks from storage in 1 ms
[2025-06-23 13:52:59.732] [info] [spider.scheduler] Fetched 0 tasks from storage in 1 ms
[2025-06-23 13:52:59.735] [info] [spider.scheduler] Fetched 0 tasks from storage in 1 ms
[2025-06-23 13:52:59.739] [info] [spider.scheduler] Fetched 0 tasks from storage in 1 ms
[2025-06-23 13:52:59.742] [info] [spider.scheduler] Fetched 0 tasks from storage in 1 ms
[2025-06-23 13:52:59.742] [info] [spider.scheduler] Submit task duration: 805 ms
[2025-06-23 13:52:59.743] [info] [spider.scheduler] Fetched 0 tasks from storage in 0 ms
[2025-06-23 13:52:59.745] [info] [spider.scheduler] Fetched 0 tasks from storage in 0 ms
[2025-06-23 13:52:59.748] [info] [spider.scheduler] Fetched 0 tasks from storage in 0 ms
[2025-06-23 13:52:59.749] [info] [spider.scheduler] Fetched 0 tasks from storage in 0 ms
[2025-06-23 13:52:59.751] [info] [spider.scheduler] Fetched 0 tasks from storage in 0 ms
[2025-06-23 13:52:59.754] [info] [spider.scheduler] Fetched 0 tasks from storage in 0 ms
[2025-06-23 13:52:59.755] [info] [spider.scheduler] Fetched 0 tasks from storage in 0 ms
[2025-06-23 13:52:59.757] [info] [spider.scheduler] Fetched 0 tasks from storage in 0 ms
[2025-06-23 13:52:59.760] [info] [spider.scheduler] Fetched 0 tasks from storage in 0 ms
[2025-06-23 13:52:59.761] [info] [spider.scheduler] Fetched 0 tasks from storage in 0 ms
[2025-06-23 13:52:59.763] [info] [spider.scheduler] Fetched 0 tasks from storage in 0 ms
[2025-06-23 13:52:59.766] [info] [spider.scheduler] Fetched 0 tasks from storage in 0 ms
[2025-06-23 13:52:59.767] [info] [spider.scheduler] Fetched 0 tasks from storage in 0 ms
[2025-06-23 13:52:59.768] [info] [spider.scheduler] Fetched 0 tasks from storage in 0 ms
[2025-06-23 13:52:59.772] [info] [spider.scheduler] Fetched 0 tasks from storage in 0 ms
[2025-06-23 13:52:59.773] [info] [spider.scheduler] Fetched 0 tasks from storage in 0 ms
[2025-06-23 13:52:59.774] [info] [spider.scheduler] Fetched 0 tasks from storage in 0 ms
[2025-06-23 13:52:59.778] [info] [spider.scheduler] Fetched 0 tasks from storage in 1 ms
[2025-06-23 13:52:59.779] [info] [spider.scheduler] Fetched 0 tasks from storage in 0 ms
[2025-06-23 13:52:59.780] [info] [spider.scheduler] Fetched 0 tasks from storage in 0 ms
[2025-06-23 13:52:59.784] [info] [spider.scheduler] Fetched 0 tasks from storage in 0 ms
[2025-06-23 13:52:59.785] [info] [spider.scheduler] Fetched 0 tasks from storage in 0 ms
[2025-06-23 13:52:59.786] [info] [spider.scheduler] Fetched 0 tasks from storage in 0 ms
[2025-06-23 13:52:59.790] [info] [spider.scheduler] Fetched 0 tasks from storage in 1 ms
[2025-06-23 13:52:59.791] [info] [spider.scheduler] Fetched 0 tasks from storage in 0 ms
[2025-06-23 13:52:59.792] [info] [spider.scheduler] Fetched 0 tasks from storage in 1 ms
[2025-06-23 13:52:59.796] [info] [spider.scheduler] Fetched 0 tasks from storage in 1 ms
[2025-06-23 13:52:59.797] [info] [spider.scheduler] Fetched 0 tasks from storage in 0 ms
[2025-06-23 13:52:59.798] [info] [spider.scheduler] Fetched 0 tasks from storage in 0 ms
[2025-06-23 13:52:59.799] [info] [spider.scheduler] Submit task duration: 792 ms
[2025-06-23 13:52:59.799] [info] [spider.scheduler] Execution takes 53180 ms
[2025-06-23 13:52:59.800] [info] [spider.scheduler] Fetched 0 tasks from storage in 0 ms
[2025-06-23 13:53:01.724] [info] [spider.scheduler] Heartbeat sent, took 2458 milliseconds
