[2025-06-23 14:13:06.031] [info] [spider.scheduler] Fetched 8000 tasks from storage in 256 ms
[2025-06-23 14:13:06.629] [info] [spider.scheduler] Get task duration: 596 ms
[2025-06-23 14:13:06.631] [info] [spider.scheduler] Get task duration: 597 ms
[2025-06-23 14:13:06.637] [info] [spider.scheduler] Get task duration: 603 ms
[2025-06-23 14:13:06.637] [info] [spider.scheduler] Get task duration: 604 ms
[2025-06-23 14:13:06.638] [info] [spider.scheduler] Get task duration: 604 ms
[2025-06-23 14:13:06.640] [info] [spider.scheduler] Get task duration: 608 ms
[2025-06-23 14:13:06.647] [info] [spider.scheduler] Get task duration: 614 ms
[2025-06-23 14:13:06.657] [info] [spider.scheduler] Get task duration: 624 ms
[2025-06-23 14:13:08.647] [info] [spider.scheduler] Heartbeat sent, took 2872 milliseconds
[2025-06-23 14:13:11.128] [info] [spider.scheduler] Submit task duration: 497 ms
[2025-06-23 14:13:11.137] [info] [spider.scheduler] Submit task duration: 499 ms
[2025-06-23 14:13:11.139] [info] [spider.scheduler] Submit task duration: 509 ms
[2025-06-23 14:13:11.146] [info] [spider.scheduler] Submit task duration: 505 ms
[2025-06-23 14:13:11.148] [info] [spider.scheduler] Submit task duration: 510 ms
[2025-06-23 14:13:11.149] [info] [spider.scheduler] Submit task duration: 512 ms
[2025-06-23 14:13:11.150] [info] [spider.scheduler] Submit task duration: 502 ms
[2025-06-23 14:13:11.155] [info] [spider.scheduler] Submit task duration: 497 ms
[2025-06-23 14:13:11.272] [info] [spider.scheduler] Heartbeat sent, took 2624 milliseconds
[2025-06-23 14:13:11.636] [info] [spider.scheduler] Get task duration: 507 ms
[2025-06-23 14:13:11.653] [info] [spider.scheduler] Get task duration: 515 ms
[2025-06-23 14:13:11.653] [info] [spider.scheduler] Get task duration: 514 ms
[2025-06-23 14:13:11.659] [info] [spider.scheduler] Get task duration: 510 ms
[2025-06-23 14:13:11.659] [info] [spider.scheduler] Get task duration: 509 ms
[2025-06-23 14:13:11.665] [info] [spider.scheduler] Get task duration: 510 ms
[2025-06-23 14:13:11.667] [info] [spider.scheduler] Get task duration: 518 ms
[2025-06-23 14:13:11.669] [info] [spider.scheduler] Get task duration: 522 ms
[2025-06-23 14:13:13.825] [info] [spider.scheduler] Heartbeat sent, took 2553 milliseconds
[2025-06-23 14:13:16.152] [info] [spider.scheduler] Submit task duration: 498 ms
[2025-06-23 14:13:16.154] [info] [spider.scheduler] Submit task duration: 494 ms
[2025-06-23 14:13:16.154] [info] [spider.scheduler] Submit task duration: 517 ms
[2025-06-23 14:13:16.159] [info] [spider.scheduler] Submit task duration: 500 ms
[2025-06-23 14:13:16.160] [info] [spider.scheduler] Submit task duration: 494 ms
[2025-06-23 14:13:16.164] [info] [spider.scheduler] Submit task duration: 495 ms
[2025-06-23 14:13:16.165] [info] [spider.scheduler] Submit task duration: 511 ms
[2025-06-23 14:13:16.168] [info] [spider.scheduler] Submit task duration: 500 ms
[2025-06-23 14:13:16.388] [info] [spider.scheduler] Heartbeat sent, took 2562 milliseconds
[2025-06-23 14:13:16.677] [info] [spider.scheduler] Get task duration: 524 ms
[2025-06-23 14:13:16.685] [info] [spider.scheduler] Get task duration: 524 ms
[2025-06-23 14:13:16.689] [info] [spider.scheduler] Get task duration: 529 ms
[2025-06-23 14:13:16.689] [info] [spider.scheduler] Get task duration: 529 ms
[2025-06-23 14:13:16.693] [info] [spider.scheduler] Get task duration: 533 ms
[2025-06-23 14:13:16.695] [info] [spider.scheduler] Get task duration: 526 ms
[2025-06-23 14:13:16.702] [info] [spider.scheduler] Get task duration: 537 ms
[2025-06-23 14:13:16.703] [info] [spider.scheduler] Get task duration: 538 ms
[2025-06-23 14:13:18.923] [info] [spider.scheduler] Heartbeat sent, took 2535 milliseconds
[2025-06-23 14:13:21.180] [info] [spider.scheduler] Submit task duration: 495 ms
[2025-06-23 14:13:21.182] [info] [spider.scheduler] Submit task duration: 489 ms
[2025-06-23 14:13:21.185] [info] [spider.scheduler] Submit task duration: 495 ms
[2025-06-23 14:13:21.185] [info] [spider.scheduler] Submit task duration: 495 ms
[2025-06-23 14:13:21.186] [info] [spider.scheduler] Submit task duration: 490 ms
[2025-06-23 14:13:21.191] [info] [spider.scheduler] Submit task duration: 513 ms
[2025-06-23 14:13:21.193] [info] [spider.scheduler] Submit task duration: 490 ms
[2025-06-23 14:13:21.197] [info] [spider.scheduler] Submit task duration: 494 ms
[2025-06-23 14:13:21.503] [info] [spider.scheduler] Heartbeat sent, took 2580 milliseconds
[2025-06-23 14:13:21.702] [info] [spider.scheduler] Get task duration: 516 ms
[2025-06-23 14:13:21.705] [info] [spider.scheduler] Get task duration: 519 ms
[2025-06-23 14:13:21.706] [info] [spider.scheduler] Get task duration: 522 ms
[2025-06-23 14:13:21.708] [info] [spider.scheduler] Get task duration: 522 ms
[2025-06-23 14:13:21.712] [info] [spider.scheduler] Get task duration: 531 ms
[2025-06-23 14:13:21.713] [info] [spider.scheduler] Get task duration: 522 ms
[2025-06-23 14:13:21.724] [info] [spider.scheduler] Get task duration: 530 ms
[2025-06-23 14:13:21.726] [info] [spider.scheduler] Get task duration: 529 ms
[2025-06-23 14:13:24.040] [info] [spider.scheduler] Heartbeat sent, took 2536 milliseconds
[2025-06-23 14:13:26.209] [info] [spider.scheduler] Submit task duration: 503 ms
[2025-06-23 14:13:26.214] [info] [spider.scheduler] Submit task duration: 508 ms
[2025-06-23 14:13:26.216] [info] [spider.scheduler] Submit task duration: 507 ms
[2025-06-23 14:13:26.217] [info] [spider.scheduler] Submit task duration: 515 ms
[2025-06-23 14:13:26.225] [info] [spider.scheduler] Submit task duration: 512 ms
[2025-06-23 14:13:26.229] [info] [spider.scheduler] Submit task duration: 515 ms
[2025-06-23 14:13:26.230] [info] [spider.scheduler] Submit task duration: 506 ms
[2025-06-23 14:13:26.233] [info] [spider.scheduler] Submit task duration: 506 ms
[2025-06-23 14:13:26.625] [info] [spider.scheduler] Heartbeat sent, took 2584 milliseconds
[2025-06-23 14:13:26.746] [info] [spider.scheduler] Get task duration: 536 ms
[2025-06-23 14:13:26.747] [info] [spider.scheduler] Get task duration: 530 ms
[2025-06-23 14:13:26.753] [info] [spider.scheduler] Get task duration: 535 ms
[2025-06-23 14:13:26.754] [info] [spider.scheduler] Get task duration: 529 ms
[2025-06-23 14:13:26.756] [info] [spider.scheduler] Get task duration: 539 ms
[2025-06-23 14:13:26.761] [info] [spider.scheduler] Get task duration: 530 ms
[2025-06-23 14:13:26.763] [info] [spider.scheduler] Get task duration: 529 ms
[2025-06-23 14:13:26.774] [info] [spider.scheduler] Get task duration: 544 ms
[2025-06-23 14:13:29.180] [info] [spider.scheduler] Heartbeat sent, took 2555 milliseconds
[2025-06-23 14:13:31.861] [info] [spider.scheduler] Submit task duration: 1114 ms
[2025-06-23 14:13:31.864] [info] [spider.scheduler] Submit task duration: 1111 ms
[2025-06-23 14:13:31.867] [info] [spider.scheduler] Submit task duration: 1121 ms
[2025-06-23 14:13:31.870] [info] [spider.scheduler] Submit task duration: 1115 ms
[2025-06-23 14:13:31.885] [info] [spider.scheduler] Submit task duration: 1128 ms
[2025-06-23 14:13:31.898] [info] [spider.scheduler] Submit task duration: 1123 ms
[2025-06-23 14:13:31.903] [info] [spider.scheduler] Submit task duration: 1142 ms
[2025-06-23 14:13:31.905] [info] [spider.scheduler] Submit task duration: 1141 ms
[2025-06-23 14:13:32.344] [info] [spider.scheduler] Heartbeat sent, took 3163 milliseconds
[2025-06-23 14:13:32.417] [info] [spider.scheduler] Get task duration: 547 ms
[2025-06-23 14:13:32.421] [info] [spider.scheduler] Get task duration: 560 ms
[2025-06-23 14:13:32.423] [info] [spider.scheduler] Get task duration: 556 ms
[2025-06-23 14:13:32.427] [info] [spider.scheduler] Get task duration: 562 ms
[2025-06-23 14:13:32.441] [info] [spider.scheduler] Get task duration: 556 ms
[2025-06-23 14:13:32.449] [info] [spider.scheduler] Get task duration: 551 ms
[2025-06-23 14:13:32.465] [info] [spider.scheduler] Get task duration: 561 ms
[2025-06-23 14:13:32.471] [info] [spider.scheduler] Get task duration: 565 ms
[2025-06-23 14:13:34.951] [info] [spider.scheduler] Heartbeat sent, took 2607 milliseconds
[2025-06-23 14:13:36.917] [info] [spider.scheduler] Submit task duration: 500 ms
[2025-06-23 14:13:36.919] [info] [spider.scheduler] Submit task duration: 497 ms
[2025-06-23 14:13:36.923] [info] [spider.scheduler] Submit task duration: 499 ms
[2025-06-23 14:13:36.933] [info] [spider.scheduler] Submit task duration: 506 ms
[2025-06-23 14:13:36.937] [info] [spider.scheduler] Submit task duration: 487 ms
[2025-06-23 14:13:36.954] [info] [spider.scheduler] Submit task duration: 513 ms
[2025-06-23 14:13:36.965] [info] [spider.scheduler] Submit task duration: 494 ms
[2025-06-23 14:13:36.969] [info] [spider.scheduler] Submit task duration: 503 ms
[2025-06-23 14:13:37.450] [info] [spider.scheduler] Get task duration: 532 ms
[2025-06-23 14:13:37.456] [info] [spider.scheduler] Get task duration: 524 ms
[2025-06-23 14:13:37.459] [info] [spider.scheduler] Get task duration: 521 ms
[2025-06-23 14:13:37.463] [info] [spider.scheduler] Get task duration: 530 ms
[2025-06-23 14:13:37.469] [info] [spider.scheduler] Get task duration: 536 ms
[2025-06-23 14:13:37.476] [info] [spider.scheduler] Get task duration: 522 ms
[2025-06-23 14:13:37.489] [info] [spider.scheduler] Get task duration: 520 ms
[2025-06-23 14:13:37.495] [info] [spider.scheduler] Heartbeat sent, took 2543 milliseconds
[2025-06-23 14:13:37.496] [info] [spider.scheduler] Get task duration: 531 ms
[2025-06-23 14:13:40.051] [info] [spider.scheduler] Heartbeat sent, took 2556 milliseconds
[2025-06-23 14:13:41.952] [info] [spider.scheduler] Submit task duration: 501 ms
[2025-06-23 14:13:41.952] [info] [spider.scheduler] Submit task duration: 489 ms
[2025-06-23 14:13:41.958] [info] [spider.scheduler] Submit task duration: 501 ms
[2025-06-23 14:13:41.959] [info] [spider.scheduler] Submit task duration: 500 ms
[2025-06-23 14:13:41.967] [info] [spider.scheduler] Submit task duration: 490 ms
[2025-06-23 14:13:41.969] [info] [spider.scheduler] Submit task duration: 499 ms
[2025-06-23 14:13:41.988] [info] [spider.scheduler] Submit task duration: 499 ms
[2025-06-23 14:13:41.993] [info] [spider.scheduler] Submit task duration: 496 ms
[2025-06-23 14:13:42.470] [info] [spider.scheduler] Get task duration: 518 ms
[2025-06-23 14:13:42.475] [info] [spider.scheduler] Get task duration: 516 ms
[2025-06-23 14:13:42.477] [info] [spider.scheduler] Get task duration: 524 ms
[2025-06-23 14:13:42.486] [info] [spider.scheduler] Get task duration: 527 ms
[2025-06-23 14:13:42.489] [info] [spider.scheduler] Get task duration: 522 ms
[2025-06-23 14:13:42.497] [info] [spider.scheduler] Get task duration: 528 ms
[2025-06-23 14:13:42.519] [info] [spider.scheduler] Get task duration: 530 ms
[2025-06-23 14:13:42.531] [info] [spider.scheduler] Get task duration: 537 ms
[2025-06-23 14:13:42.612] [info] [spider.scheduler] Heartbeat sent, took 2560 milliseconds
[2025-06-23 14:13:45.198] [info] [spider.scheduler] Heartbeat sent, took 2586 milliseconds
[2025-06-23 14:13:46.963] [info] [spider.scheduler] Submit task duration: 492 ms
[2025-06-23 14:13:46.968] [info] [spider.scheduler] Submit task duration: 493 ms
[2025-06-23 14:13:46.980] [info] [spider.scheduler] Submit task duration: 492 ms
[2025-06-23 14:13:46.990] [info] [spider.scheduler] Submit task duration: 512 ms
[2025-06-23 14:13:46.996] [info] [spider.scheduler] Submit task duration: 506 ms
[2025-06-23 14:13:46.997] [info] [spider.scheduler] Submit task duration: 499 ms
[2025-06-23 14:13:47.027] [info] [spider.scheduler] Submit task duration: 496 ms
[2025-06-23 14:13:47.028] [info] [spider.scheduler] Submit task duration: 509 ms
[2025-06-23 14:13:47.498] [info] [spider.scheduler] Get task duration: 535 ms
[2025-06-23 14:13:47.499] [info] [spider.scheduler] Get task duration: 527 ms
[2025-06-23 14:13:47.514] [info] [spider.scheduler] Get task duration: 534 ms
[2025-06-23 14:13:47.516] [info] [spider.scheduler] Get task duration: 526 ms
[2025-06-23 14:13:47.528] [info] [spider.scheduler] Get task duration: 532 ms
[2025-06-23 14:13:47.530] [info] [spider.scheduler] Get task duration: 533 ms
[2025-06-23 14:13:47.559] [info] [spider.scheduler] Get task duration: 531 ms
[2025-06-23 14:13:47.563] [info] [spider.scheduler] Get task duration: 535 ms
[2025-06-23 14:13:47.778] [info] [spider.scheduler] Heartbeat sent, took 2579 milliseconds
[2025-06-23 14:13:50.337] [info] [spider.scheduler] Heartbeat sent, took 2559 milliseconds
[2025-06-23 14:13:51.992] [info] [spider.scheduler] Submit task duration: 492 ms
[2025-06-23 14:13:52.001] [info] [spider.scheduler] Submit task duration: 502 ms
[2025-06-23 14:13:52.005] [info] [spider.scheduler] Submit task duration: 488 ms
[2025-06-23 14:13:52.007] [info] [spider.scheduler] Submit task duration: 492 ms
[2025-06-23 14:13:52.012] [info] [spider.scheduler] Submit task duration: 481 ms
[2025-06-23 14:13:52.017] [info] [spider.scheduler] Submit task duration: 488 ms
[2025-06-23 14:13:52.046] [info] [spider.scheduler] Submit task duration: 482 ms
[2025-06-23 14:13:52.047] [info] [spider.scheduler] Submit task duration: 488 ms
[2025-06-23 14:13:52.497] [info] [spider.scheduler] Get task duration: 504 ms
[2025-06-23 14:13:52.509] [info] [spider.scheduler] Get task duration: 507 ms
[2025-06-23 14:13:52.511] [info] [spider.scheduler] Get task duration: 493 ms
[2025-06-23 14:13:52.515] [info] [spider.scheduler] Get task duration: 508 ms
[2025-06-23 14:13:52.519] [info] [spider.scheduler] Get task duration: 513 ms
[2025-06-23 14:13:52.531] [info] [spider.scheduler] Get task duration: 518 ms
[2025-06-23 14:13:52.549] [info] [spider.scheduler] Get task duration: 503 ms
[2025-06-23 14:13:52.560] [info] [spider.scheduler] Get task duration: 512 ms
[2025-06-23 14:13:52.828] [info] [spider.scheduler] Heartbeat sent, took 2490 milliseconds
[2025-06-23 14:13:55.429] [info] [spider.scheduler] Heartbeat sent, took 2600 milliseconds
[2025-06-23 14:13:56.995] [info] [spider.scheduler] Submit task duration: 497 ms
[2025-06-23 14:13:56.996] [info] [spider.scheduler] Fetched 0 tasks from storage in 0 ms
[2025-06-23 14:13:57.003] [info] [spider.scheduler] Submit task duration: 492 ms
[2025-06-23 14:13:57.003] [info] [spider.scheduler] Submit task duration: 488 ms
[2025-06-23 14:13:57.005] [info] [spider.scheduler] Fetched 0 tasks from storage in 0 ms
[2025-06-23 14:13:57.005] [info] [spider.scheduler] Fetched 0 tasks from storage in 0 ms
[2025-06-23 14:13:57.007] [info] [spider.scheduler] Submit task duration: 497 ms
[2025-06-23 14:13:57.007] [info] [spider.scheduler] Fetched 0 tasks from storage in 0 ms
[2025-06-23 14:13:57.009] [info] [spider.scheduler] Submit task duration: 490 ms
[2025-06-23 14:13:57.009] [info] [spider.scheduler] Fetched 0 tasks from storage in 0 ms
[2025-06-23 14:13:57.010] [info] [spider.scheduler] Fetched 0 tasks from storage in 0 ms
[2025-06-23 14:13:57.010] [info] [spider.scheduler] Fetched 0 tasks from storage in 0 ms
[2025-06-23 14:13:57.011] [info] [spider.scheduler] Fetched 0 tasks from storage in 0 ms
[2025-06-23 14:13:57.013] [info] [spider.scheduler] Fetched 0 tasks from storage in 0 ms
[2025-06-23 14:13:57.015] [info] [spider.scheduler] Fetched 0 tasks from storage in 0 ms
[2025-06-23 14:13:57.015] [info] [spider.scheduler] Fetched 0 tasks from storage in 0 ms
[2025-06-23 14:13:57.016] [info] [spider.scheduler] Fetched 0 tasks from storage in 0 ms
[2025-06-23 14:13:57.016] [info] [spider.scheduler] Fetched 0 tasks from storage in 0 ms
[2025-06-23 14:13:57.019] [info] [spider.scheduler] Fetched 0 tasks from storage in 0 ms
[2025-06-23 14:13:57.019] [info] [spider.scheduler] Submit task duration: 487 ms
[2025-06-23 14:13:57.019] [info] [spider.scheduler] Fetched 0 tasks from storage in 0 ms
[2025-06-23 14:13:57.020] [info] [spider.scheduler] Fetched 0 tasks from storage in 0 ms
[2025-06-23 14:13:57.021] [info] [spider.scheduler] Fetched 0 tasks from storage in 0 ms
[2025-06-23 14:13:57.021] [info] [spider.scheduler] Fetched 0 tasks from storage in 0 ms
[2025-06-23 14:13:57.022] [info] [spider.scheduler] Fetched 0 tasks from storage in 0 ms
[2025-06-23 14:13:57.024] [info] [spider.scheduler] Fetched 0 tasks from storage in 0 ms
[2025-06-23 14:13:57.025] [info] [spider.scheduler] Fetched 0 tasks from storage in 0 ms
[2025-06-23 14:13:57.026] [info] [spider.scheduler] Fetched 0 tasks from storage in 0 ms
[2025-06-23 14:13:57.026] [info] [spider.scheduler] Fetched 0 tasks from storage in 0 ms
[2025-06-23 14:13:57.027] [info] [spider.scheduler] Fetched 0 tasks from storage in 0 ms
[2025-06-23 14:13:57.027] [info] [spider.scheduler] Fetched 0 tasks from storage in 0 ms
[2025-06-23 14:13:57.030] [info] [spider.scheduler] Fetched 0 tasks from storage in 0 ms
[2025-06-23 14:13:57.030] [info] [spider.scheduler] Fetched 0 tasks from storage in 0 ms
[2025-06-23 14:13:57.031] [info] [spider.scheduler] Fetched 0 tasks from storage in 0 ms
[2025-06-23 14:13:57.032] [info] [spider.scheduler] Fetched 0 tasks from storage in 0 ms
[2025-06-23 14:13:57.032] [info] [spider.scheduler] Fetched 0 tasks from storage in 0 ms
[2025-06-23 14:13:57.033] [info] [spider.scheduler] Fetched 0 tasks from storage in 0 ms
[2025-06-23 14:13:57.035] [info] [spider.scheduler] Fetched 0 tasks from storage in 0 ms
[2025-06-23 14:13:57.036] [info] [spider.scheduler] Fetched 0 tasks from storage in 0 ms
[2025-06-23 14:13:57.037] [info] [spider.scheduler] Fetched 0 tasks from storage in 0 ms
[2025-06-23 14:13:57.038] [info] [spider.scheduler] Fetched 0 tasks from storage in 0 ms
[2025-06-23 14:13:57.038] [info] [spider.scheduler] Fetched 0 tasks from storage in 0 ms
[2025-06-23 14:13:57.039] [info] [spider.scheduler] Fetched 0 tasks from storage in 0 ms
[2025-06-23 14:13:57.041] [info] [spider.scheduler] Fetched 0 tasks from storage in 0 ms
[2025-06-23 14:13:57.042] [info] [spider.scheduler] Fetched 0 tasks from storage in 0 ms
[2025-06-23 14:13:57.043] [info] [spider.scheduler] Submit task duration: 493 ms
[2025-06-23 14:13:57.043] [info] [spider.scheduler] Fetched 0 tasks from storage in 0 ms
[2025-06-23 14:13:57.043] [info] [spider.scheduler] Fetched 0 tasks from storage in 0 ms
[2025-06-23 14:13:57.044] [info] [spider.scheduler] Fetched 0 tasks from storage in 0 ms
[2025-06-23 14:13:57.044] [info] [spider.scheduler] Submit task duration: 484 ms
[2025-06-23 14:13:57.044] [info] [spider.scheduler] Execution takes 51269 ms
[2025-06-23 14:13:57.044] [info] [spider.scheduler] Fetched 0 tasks from storage in 0 ms
[2025-06-23 14:13:57.045] [info] [spider.scheduler] Fetched 0 tasks from storage in 0 ms
[2025-06-23 14:13:57.045] [info] [spider.scheduler] Fetched 0 tasks from storage in 0 ms
[2025-06-23 14:13:57.969] [info] [spider.scheduler] Heartbeat sent, took 2540 milliseconds
